<?xml version="1.0" encoding="UTF-8"?>
<!-- Generated by org.testng.reporters.JUnitXMLReporter -->
<testsuite ignored="0" hostname="NIBLP857" failures="0" tests="4" name="Default test" time="5.315" errors="0" timestamp="2024-02-09T10:01:33 IST">
  <testcase classname="SeleniumProject.SeleniumProject.SweetShop" name="sweetPurchase" time="2.519"/>
  <testcase classname="SeleniumProject.SeleniumProject.SweetShop" name="ValidateSweetPrice" time="0.222"/>
  <testcase classname="SeleniumProject.SeleniumProject.SweetShop" name="EnterDetails" time="0.73"/>
  <testcase classname="SeleniumProject.SeleniumProject.SweetShop" name="standardShipping" time="0.275"/>
</testsuite> <!-- Default test -->
